Tuesday - [31m[1mWARNING: This is a development server. Do not use it in a production deployment. Use a production WSGI server instead.[0m
 * Running on http://127.0.0.1:5000
Tuesday - [33mPress CTRL+C to quit[0m
Tuesday - [31m[1mWARNING: This is a development server. Do not use it in a production deployment. Use a production WSGI server instead.[0m
 * Running on http://127.0.0.1:5000
Tuesday - [33mPress CTRL+C to quit[0m
Tuesday - pagina bezocht
Tuesday - Exception on / [GET]
Traceback (most recent call last):
  File "/Users/yvesbraeckman/URLShortner/lib/python3.11/site-packages/flask/app.py", line 1473, in wsgi_app
    response = self.full_dispatch_request()
               ^^^^^^^^^^^^^^^^^^^^^^^^^^^^
  File "/Users/yvesbraeckman/URLShortner/lib/python3.11/site-packages/flask/app.py", line 882, in full_dispatch_request
    rv = self.handle_user_exception(e)
         ^^^^^^^^^^^^^^^^^^^^^^^^^^^^^
  File "/Users/yvesbraeckman/URLShortner/lib/python3.11/site-packages/flask/app.py", line 880, in full_dispatch_request
    rv = self.dispatch_request()
         ^^^^^^^^^^^^^^^^^^^^^^^
  File "/Users/yvesbraeckman/URLShortner/lib/python3.11/site-packages/flask/app.py", line 865, in dispatch_request
    return self.ensure_sync(self.view_functions[rule.endpoint])(**view_args)  # type: ignore[no-any-return]
           ^^^^^^^^^^^^^^^^^^^^^^^^^^^^^^^^^^^^^^^^^^^^^^^^^^^^^^^^^^^^^^^^^
  File "/Users/yvesbraeckman/PycharmProjects/URLShortner/oefeningen/stap 8.2/logging_experiment.py", line 11, in quote
    f = open('pagecontents.txt', 'r')
        ^^^^^^^^^^^^^^^^^^^^^^^^^^^^^
FileNotFoundError: [Errno 2] No such file or directory: 'pagecontents.txt'
Tuesday - 127.0.0.1 - - [05/Nov/2024 15:47:04] "[35m[1mGET / HTTP/1.1[0m" 500 -
Tuesday - pagina bezocht
Tuesday - Exception on / [GET]
Traceback (most recent call last):
  File "/Users/yvesbraeckman/URLShortner/lib/python3.11/site-packages/flask/app.py", line 1473, in wsgi_app
    response = self.full_dispatch_request()
               ^^^^^^^^^^^^^^^^^^^^^^^^^^^^
  File "/Users/yvesbraeckman/URLShortner/lib/python3.11/site-packages/flask/app.py", line 882, in full_dispatch_request
    rv = self.handle_user_exception(e)
         ^^^^^^^^^^^^^^^^^^^^^^^^^^^^^
  File "/Users/yvesbraeckman/URLShortner/lib/python3.11/site-packages/flask/app.py", line 880, in full_dispatch_request
    rv = self.dispatch_request()
         ^^^^^^^^^^^^^^^^^^^^^^^
  File "/Users/yvesbraeckman/URLShortner/lib/python3.11/site-packages/flask/app.py", line 865, in dispatch_request
    return self.ensure_sync(self.view_functions[rule.endpoint])(**view_args)  # type: ignore[no-any-return]
           ^^^^^^^^^^^^^^^^^^^^^^^^^^^^^^^^^^^^^^^^^^^^^^^^^^^^^^^^^^^^^^^^^
  File "/Users/yvesbraeckman/PycharmProjects/URLShortner/oefeningen/stap 8.2/logging_experiment.py", line 11, in quote
    f = open('pagecontents.txt', 'r')
        ^^^^^^^^^^^^^^^^^^^^^^^^^^^^^
FileNotFoundError: [Errno 2] No such file or directory: 'pagecontents.txt'
Tuesday - 127.0.0.1 - - [05/Nov/2024 15:47:05] "[35m[1mGET / HTTP/1.1[0m" 500 -
Tuesday - [31m[1mWARNING: This is a development server. Do not use it in a production deployment. Use a production WSGI server instead.[0m
 * Running on http://127.0.0.1:5000
Tuesday - [33mPress CTRL+C to quit[0m
Tuesday - pagina bezocht
Tuesday - Exception on / [GET]
Traceback (most recent call last):
  File "/Users/yvesbraeckman/URLShortner/lib/python3.11/site-packages/flask/app.py", line 1473, in wsgi_app
    response = self.full_dispatch_request()
               ^^^^^^^^^^^^^^^^^^^^^^^^^^^^
  File "/Users/yvesbraeckman/URLShortner/lib/python3.11/site-packages/flask/app.py", line 882, in full_dispatch_request
    rv = self.handle_user_exception(e)
         ^^^^^^^^^^^^^^^^^^^^^^^^^^^^^
  File "/Users/yvesbraeckman/URLShortner/lib/python3.11/site-packages/flask/app.py", line 880, in full_dispatch_request
    rv = self.dispatch_request()
         ^^^^^^^^^^^^^^^^^^^^^^^
  File "/Users/yvesbraeckman/URLShortner/lib/python3.11/site-packages/flask/app.py", line 865, in dispatch_request
    return self.ensure_sync(self.view_functions[rule.endpoint])(**view_args)  # type: ignore[no-any-return]
           ^^^^^^^^^^^^^^^^^^^^^^^^^^^^^^^^^^^^^^^^^^^^^^^^^^^^^^^^^^^^^^^^^
  File "/Users/yvesbraeckman/PycharmProjects/URLShortner/oefeningen/stap 8.2/logging_experiment.py", line 11, in quote
    f = open('pagecontents.txt', 'r')
        ^^^^^^^^^^^^^^^^^^^^^^^^^^^^^
FileNotFoundError: [Errno 2] No such file or directory: 'pagecontents.txt'
Tuesday - 127.0.0.1 - - [05/Nov/2024 15:47:46] "[35m[1mGET / HTTP/1.1[0m" 500 -
Tuesday - pagina bezocht
Tuesday - Exception on / [GET]
Traceback (most recent call last):
  File "/Users/yvesbraeckman/URLShortner/lib/python3.11/site-packages/flask/app.py", line 1473, in wsgi_app
    response = self.full_dispatch_request()
               ^^^^^^^^^^^^^^^^^^^^^^^^^^^^
  File "/Users/yvesbraeckman/URLShortner/lib/python3.11/site-packages/flask/app.py", line 882, in full_dispatch_request
    rv = self.handle_user_exception(e)
         ^^^^^^^^^^^^^^^^^^^^^^^^^^^^^
  File "/Users/yvesbraeckman/URLShortner/lib/python3.11/site-packages/flask/app.py", line 880, in full_dispatch_request
    rv = self.dispatch_request()
         ^^^^^^^^^^^^^^^^^^^^^^^
  File "/Users/yvesbraeckman/URLShortner/lib/python3.11/site-packages/flask/app.py", line 865, in dispatch_request
    return self.ensure_sync(self.view_functions[rule.endpoint])(**view_args)  # type: ignore[no-any-return]
           ^^^^^^^^^^^^^^^^^^^^^^^^^^^^^^^^^^^^^^^^^^^^^^^^^^^^^^^^^^^^^^^^^
  File "/Users/yvesbraeckman/PycharmProjects/URLShortner/oefeningen/stap 8.2/logging_experiment.py", line 11, in quote
    f = open('pagecontents.txt', 'r')
        ^^^^^^^^^^^^^^^^^^^^^^^^^^^^^
FileNotFoundError: [Errno 2] No such file or directory: 'pagecontents.txt'
Tuesday - 127.0.0.1 - - [05/Nov/2024 15:47:47] "[35m[1mGET / HTTP/1.1[0m" 500 -
Tuesday - [31m[1mWARNING: This is a development server. Do not use it in a production deployment. Use a production WSGI server instead.[0m
 * Running on http://127.0.0.1:5000
Tuesday - [33mPress CTRL+C to quit[0m
Tuesday - [31m[1mWARNING: This is a development server. Do not use it in a production deployment. Use a production WSGI server instead.[0m
 * Running on http://127.0.0.1:5000
Tuesday - [33mPress CTRL+C to quit[0m
Tuesday - pagina bezocht
Tuesday - Exception on / [GET]
Traceback (most recent call last):
  File "/Users/yvesbraeckman/URLShortner/lib/python3.11/site-packages/flask/app.py", line 1473, in wsgi_app
    response = self.full_dispatch_request()
               ^^^^^^^^^^^^^^^^^^^^^^^^^^^^
  File "/Users/yvesbraeckman/URLShortner/lib/python3.11/site-packages/flask/app.py", line 882, in full_dispatch_request
    rv = self.handle_user_exception(e)
         ^^^^^^^^^^^^^^^^^^^^^^^^^^^^^
  File "/Users/yvesbraeckman/URLShortner/lib/python3.11/site-packages/flask/app.py", line 880, in full_dispatch_request
    rv = self.dispatch_request()
         ^^^^^^^^^^^^^^^^^^^^^^^
  File "/Users/yvesbraeckman/URLShortner/lib/python3.11/site-packages/flask/app.py", line 865, in dispatch_request
    return self.ensure_sync(self.view_functions[rule.endpoint])(**view_args)  # type: ignore[no-any-return]
           ^^^^^^^^^^^^^^^^^^^^^^^^^^^^^^^^^^^^^^^^^^^^^^^^^^^^^^^^^^^^^^^^^
  File "/Users/yvesbraeckman/PycharmProjects/URLShortner/oefeningen/stap 8.2/logging_experiment.py", line 11, in quote
    f = open('pagecontents.txt', 'r')
        ^^^^^^^^^^^^^^^^^^^^^^^^^^^^^
FileNotFoundError: [Errno 2] No such file or directory: 'pagecontents.txt'
Tuesday - 127.0.0.1 - - [05/Nov/2024 15:48:44] "[35m[1mGET / HTTP/1.1[0m" 500 -
Tuesday - pagina bezocht
Tuesday - Exception on / [GET]
Traceback (most recent call last):
  File "/Users/yvesbraeckman/URLShortner/lib/python3.11/site-packages/flask/app.py", line 1473, in wsgi_app
    response = self.full_dispatch_request()
               ^^^^^^^^^^^^^^^^^^^^^^^^^^^^
  File "/Users/yvesbraeckman/URLShortner/lib/python3.11/site-packages/flask/app.py", line 882, in full_dispatch_request
    rv = self.handle_user_exception(e)
         ^^^^^^^^^^^^^^^^^^^^^^^^^^^^^
  File "/Users/yvesbraeckman/URLShortner/lib/python3.11/site-packages/flask/app.py", line 880, in full_dispatch_request
    rv = self.dispatch_request()
         ^^^^^^^^^^^^^^^^^^^^^^^
  File "/Users/yvesbraeckman/URLShortner/lib/python3.11/site-packages/flask/app.py", line 865, in dispatch_request
    return self.ensure_sync(self.view_functions[rule.endpoint])(**view_args)  # type: ignore[no-any-return]
           ^^^^^^^^^^^^^^^^^^^^^^^^^^^^^^^^^^^^^^^^^^^^^^^^^^^^^^^^^^^^^^^^^
  File "/Users/yvesbraeckman/PycharmProjects/URLShortner/oefeningen/stap 8.2/logging_experiment.py", line 11, in quote
    f = open('pagecontents.txt', 'r')
        ^^^^^^^^^^^^^^^^^^^^^^^^^^^^^
FileNotFoundError: [Errno 2] No such file or directory: 'pagecontents.txt'
Tuesday - 127.0.0.1 - - [05/Nov/2024 15:48:45] "[35m[1mGET / HTTP/1.1[0m" 500 -
Tuesday - [31m[1mWARNING: This is a development server. Do not use it in a production deployment. Use a production WSGI server instead.[0m
 * Running on http://127.0.0.1:5000
Tuesday - [33mPress CTRL+C to quit[0m
Tuesday -  * Restarting with stat
Tuesday -  * Debugger is active!
Tuesday -  * Debugger PIN: 561-226-950
Tuesday - pagina bezocht
Tuesday - 127.0.0.1 - - [05/Nov/2024 15:49:47] "[35m[1mGET / HTTP/1.1[0m" 500 -
Tuesday - 127.0.0.1 - - [05/Nov/2024 15:49:47] "GET /?__debugger__=yes&cmd=resource&f=style.css HTTP/1.1" 200 -
Tuesday - 127.0.0.1 - - [05/Nov/2024 15:49:47] "GET /?__debugger__=yes&cmd=resource&f=debugger.js HTTP/1.1" 200 -
Tuesday - 127.0.0.1 - - [05/Nov/2024 15:49:47] "GET /?__debugger__=yes&cmd=resource&f=console.png&s=fHj3svQcNg96nYCt618o HTTP/1.1" 200 -
Tuesday - [31m[1mWARNING: This is a development server. Do not use it in a production deployment. Use a production WSGI server instead.[0m
 * Running on http://127.0.0.1:5000
Tuesday - [33mPress CTRL+C to quit[0m
Tuesday -  * Restarting with stat
Tuesday -  * Debugger is active!
Tuesday -  * Debugger PIN: 561-226-950
Tuesday - pagina bezocht
Tuesday - lorem ipsum dolor sit amet, consectetur adipiscing elit. Etiam sagittis arcu lectus, sit amet consectetur purus accumsan vel. Duis eros ipsum, maximus eget lobortis in, condimentum id metus. Nullam consectetur pharetra enim, quis tempus eros dapibus vel. Ut eu porttitor ligula. Nulla facilisi. Donec malesuada ut neque eget pharetra. Quisque quam nisl, mollis quis consectetur vel, semper eget dui. Cras vel augue eleifend, commodo odio non, ultrices libero. Ut eget nisi quis mauris vehicula feugiat. Integer eget malesuada mauris. Pellentesque gravida imperdiet eros nec fermentum. Suspendisse ipsum quam, vehicula sit amet consectetur non, commodo ut justo. Curabitur non odio sit amet ipsum eleifend scelerisque malesuada at massa. Mauris pulvinar elit sed diam vehicula, eget mollis orci consectetur. Proin tristique, leo sit amet vestibulum dapibus, enim nibh pretium justo, ac accumsan turpis risus sit amet augue.

Nullam mattis sed enim eget sodales. Nam at ligula eget est blandit rhoncus. Nunc ut mollis mauris, id egestas erat. Morbi tristique porta volutpat. Fusce et eros eget justo varius tincidunt. Nulla bibendum sapien eu ex blandit interdum. In sed luctus eros. Mauris quis fermentum massa. Quisque venenatis mauris ut tempor accumsan. Donec semper orci eu risus rhoncus vestibulum. Aenean consectetur pharetra laoreet. Phasellus vitae augue feugiat urna cursus dignissim. Ut pellentesque, dolor a euismod aliquam, mauris urna viverra sapien, ac viverra nisi magna vel dui. Fusce dignissim ante quis purus iaculis, ac consectetur libero porttitor. Sed eu risus augue. Curabitur id interdum odio, non porttitor mi.

Proin posuere lobortis nisi. Morbi in orci ut turpis sodales tempor. Etiam rutrum, nisl vel convallis faucibus, urna felis vestibulum magna, vitae pulvinar turpis ex id diam. Cras ultrices urna in ante malesuada tincidunt. Mauris pulvinar nibh nec vulputate luctus. In quis sapien ultrices, tempus metus non, sollicitudin turpis. Fusce consectetur venenatis nulla in pellentesque.

Nam imperdiet malesuada fringilla. Etiam eu suscipit lectus. Quisque a risus ac ante gravida pharetra ac eu odio. Vestibulum ante ipsum primis in faucibus orci luctus et ultrices posuere cubilia curae; Suspendisse consectetur turpis eget dapibus tristique. Nam mattis luctus maximus. Aenean tempus ipsum ac nisi semper mollis. Sed faucibus fermentum tellus vel ullamcorper. Nulla ac velit quam. In sit amet sapien maximus orci feugiat dignissim. Fusce lobortis, leo vitae malesuada mollis, erat diam auctor ex, sit amet rutrum diam diam vel elit. Nulla egestas eros sed risus rutrum viverra. Nunc molestie, purus in ultricies finibus, arcu lacus vehicula turpis, volutpat volutpat enim elit ornare felis.

Sed viverra mauris ipsum, eu scelerisque nisi accumsan et. Nam elementum turpis id odio tristique bibendum ac sit amet leo. Mauris vitae aliquet risus. Vestibulum lectus felis, accumsan id suscipit ac, aliquam tempus metus. Praesent id risus id elit pharetra venenatis. In hac habitasse platea dictumst. Nam lacinia vel lectus quis lobortis. Phasellus accumsan bibendum tincidunt. Etiam rhoncus sapien quis efficitur ornare. Nunc a turpis pellentesque odio congue faucibus eu a felis. Praesent pellentesque justo et diam porta mattis. Mauris ut eros sed risus venenatis pretium quis sit amet mi. Orci varius natoque penatibus et magnis dis parturient montes, nascetur ridiculus mus.
Tuesday - 127.0.0.1 - - [05/Nov/2024 15:50:03] "GET / HTTP/1.1" 200 -
Tuesday - pagina bezocht
Tuesday - lorem ipsum dolor sit amet, consectetur adipiscing elit. Etiam sagittis arcu lectus, sit amet consectetur purus accumsan vel. Duis eros ipsum, maximus eget lobortis in, condimentum id metus. Nullam consectetur pharetra enim, quis tempus eros dapibus vel. Ut eu porttitor ligula. Nulla facilisi. Donec malesuada ut neque eget pharetra. Quisque quam nisl, mollis quis consectetur vel, semper eget dui. Cras vel augue eleifend, commodo odio non, ultrices libero. Ut eget nisi quis mauris vehicula feugiat. Integer eget malesuada mauris. Pellentesque gravida imperdiet eros nec fermentum. Suspendisse ipsum quam, vehicula sit amet consectetur non, commodo ut justo. Curabitur non odio sit amet ipsum eleifend scelerisque malesuada at massa. Mauris pulvinar elit sed diam vehicula, eget mollis orci consectetur. Proin tristique, leo sit amet vestibulum dapibus, enim nibh pretium justo, ac accumsan turpis risus sit amet augue.

Nullam mattis sed enim eget sodales. Nam at ligula eget est blandit rhoncus. Nunc ut mollis mauris, id egestas erat. Morbi tristique porta volutpat. Fusce et eros eget justo varius tincidunt. Nulla bibendum sapien eu ex blandit interdum. In sed luctus eros. Mauris quis fermentum massa. Quisque venenatis mauris ut tempor accumsan. Donec semper orci eu risus rhoncus vestibulum. Aenean consectetur pharetra laoreet. Phasellus vitae augue feugiat urna cursus dignissim. Ut pellentesque, dolor a euismod aliquam, mauris urna viverra sapien, ac viverra nisi magna vel dui. Fusce dignissim ante quis purus iaculis, ac consectetur libero porttitor. Sed eu risus augue. Curabitur id interdum odio, non porttitor mi.

Proin posuere lobortis nisi. Morbi in orci ut turpis sodales tempor. Etiam rutrum, nisl vel convallis faucibus, urna felis vestibulum magna, vitae pulvinar turpis ex id diam. Cras ultrices urna in ante malesuada tincidunt. Mauris pulvinar nibh nec vulputate luctus. In quis sapien ultrices, tempus metus non, sollicitudin turpis. Fusce consectetur venenatis nulla in pellentesque.

Nam imperdiet malesuada fringilla. Etiam eu suscipit lectus. Quisque a risus ac ante gravida pharetra ac eu odio. Vestibulum ante ipsum primis in faucibus orci luctus et ultrices posuere cubilia curae; Suspendisse consectetur turpis eget dapibus tristique. Nam mattis luctus maximus. Aenean tempus ipsum ac nisi semper mollis. Sed faucibus fermentum tellus vel ullamcorper. Nulla ac velit quam. In sit amet sapien maximus orci feugiat dignissim. Fusce lobortis, leo vitae malesuada mollis, erat diam auctor ex, sit amet rutrum diam diam vel elit. Nulla egestas eros sed risus rutrum viverra. Nunc molestie, purus in ultricies finibus, arcu lacus vehicula turpis, volutpat volutpat enim elit ornare felis.

Sed viverra mauris ipsum, eu scelerisque nisi accumsan et. Nam elementum turpis id odio tristique bibendum ac sit amet leo. Mauris vitae aliquet risus. Vestibulum lectus felis, accumsan id suscipit ac, aliquam tempus metus. Praesent id risus id elit pharetra venenatis. In hac habitasse platea dictumst. Nam lacinia vel lectus quis lobortis. Phasellus accumsan bibendum tincidunt. Etiam rhoncus sapien quis efficitur ornare. Nunc a turpis pellentesque odio congue faucibus eu a felis. Praesent pellentesque justo et diam porta mattis. Mauris ut eros sed risus venenatis pretium quis sit amet mi. Orci varius natoque penatibus et magnis dis parturient montes, nascetur ridiculus mus.
Tuesday - 127.0.0.1 - - [05/Nov/2024 15:50:10] "GET / HTTP/1.1" 200 -
Tuesday - pagina bezocht
Tuesday - lorem ipsum dolor sit amet, consectetur adipiscing elit. Etiam sagittis arcu lectus, sit amet consectetur purus accumsan vel. Duis eros ipsum, maximus eget lobortis in, condimentum id metus. Nullam consectetur pharetra enim, quis tempus eros dapibus vel. Ut eu porttitor ligula. Nulla facilisi. Donec malesuada ut neque eget pharetra. Quisque quam nisl, mollis quis consectetur vel, semper eget dui. Cras vel augue eleifend, commodo odio non, ultrices libero. Ut eget nisi quis mauris vehicula feugiat. Integer eget malesuada mauris. Pellentesque gravida imperdiet eros nec fermentum. Suspendisse ipsum quam, vehicula sit amet consectetur non, commodo ut justo. Curabitur non odio sit amet ipsum eleifend scelerisque malesuada at massa. Mauris pulvinar elit sed diam vehicula, eget mollis orci consectetur. Proin tristique, leo sit amet vestibulum dapibus, enim nibh pretium justo, ac accumsan turpis risus sit amet augue.

Nullam mattis sed enim eget sodales. Nam at ligula eget est blandit rhoncus. Nunc ut mollis mauris, id egestas erat. Morbi tristique porta volutpat. Fusce et eros eget justo varius tincidunt. Nulla bibendum sapien eu ex blandit interdum. In sed luctus eros. Mauris quis fermentum massa. Quisque venenatis mauris ut tempor accumsan. Donec semper orci eu risus rhoncus vestibulum. Aenean consectetur pharetra laoreet. Phasellus vitae augue feugiat urna cursus dignissim. Ut pellentesque, dolor a euismod aliquam, mauris urna viverra sapien, ac viverra nisi magna vel dui. Fusce dignissim ante quis purus iaculis, ac consectetur libero porttitor. Sed eu risus augue. Curabitur id interdum odio, non porttitor mi.

Proin posuere lobortis nisi. Morbi in orci ut turpis sodales tempor. Etiam rutrum, nisl vel convallis faucibus, urna felis vestibulum magna, vitae pulvinar turpis ex id diam. Cras ultrices urna in ante malesuada tincidunt. Mauris pulvinar nibh nec vulputate luctus. In quis sapien ultrices, tempus metus non, sollicitudin turpis. Fusce consectetur venenatis nulla in pellentesque.

Nam imperdiet malesuada fringilla. Etiam eu suscipit lectus. Quisque a risus ac ante gravida pharetra ac eu odio. Vestibulum ante ipsum primis in faucibus orci luctus et ultrices posuere cubilia curae; Suspendisse consectetur turpis eget dapibus tristique. Nam mattis luctus maximus. Aenean tempus ipsum ac nisi semper mollis. Sed faucibus fermentum tellus vel ullamcorper. Nulla ac velit quam. In sit amet sapien maximus orci feugiat dignissim. Fusce lobortis, leo vitae malesuada mollis, erat diam auctor ex, sit amet rutrum diam diam vel elit. Nulla egestas eros sed risus rutrum viverra. Nunc molestie, purus in ultricies finibus, arcu lacus vehicula turpis, volutpat volutpat enim elit ornare felis.

Sed viverra mauris ipsum, eu scelerisque nisi accumsan et. Nam elementum turpis id odio tristique bibendum ac sit amet leo. Mauris vitae aliquet risus. Vestibulum lectus felis, accumsan id suscipit ac, aliquam tempus metus. Praesent id risus id elit pharetra venenatis. In hac habitasse platea dictumst. Nam lacinia vel lectus quis lobortis. Phasellus accumsan bibendum tincidunt. Etiam rhoncus sapien quis efficitur ornare. Nunc a turpis pellentesque odio congue faucibus eu a felis. Praesent pellentesque justo et diam porta mattis. Mauris ut eros sed risus venenatis pretium quis sit amet mi. Orci varius natoque penatibus et magnis dis parturient montes, nascetur ridiculus mus.
Tuesday - 127.0.0.1 - - [05/Nov/2024 15:50:10] "GET / HTTP/1.1" 200 -
